2024-03-05 16:10:36,193 - app.commands.operation_command - INFO - Performed operation: add(3,4) = 7
2024-03-05 16:16:36,593 - app.commands.operation_command - INFO - Performed operation: divide(3,5) = 0.6
2024-03-05 16:16:47,908 - app.commands.operation_command - INFO - Performed operation: multiply(3,5) = 15
2024-03-05 16:26:10,310 - app.commands.operation_command - INFO - Performed operation: add(4,5) = 9
2024-03-09 21:00:20,523 - app.commands.operation_command - INFO - Performed operation: add(3,4) = 7
2024-03-09 21:12:49,866 - app.commands.operation_command - INFO - Performed operation: add(7,8) = 15
2024-03-09 21:25:28,445 - app.commands.operation_command - INFO - Performed operation: add(2,5) = 7
2024-03-09 21:44:25,751 - app.commands.operation_command - INFO - Performed operation: add(4,5) = 9
2024-03-09 21:58:33,854 - app.commands.operation_command - INFO - Performed operation: add([Decimal('4'), Decimal('5'), Decimal('6')]) = 15
2024-03-09 21:59:08,679 - app.commands.operation_command - INFO - Performed operation: add([Decimal('1'), Decimal('1'), Decimal('1'), Decimal('1'), Decimal('1'), Decimal('1'), Decimal('1'), Decimal('1')]) = 8
2024-03-09 21:59:27,012 - app.commands.operation_command - INFO - Performed operation: subtract([Decimal('10'), Decimal('2'), Decimal('4')]) = 4
2024-03-09 21:59:53,413 - app.commands.operation_command - INFO - Performed operation: subtract([Decimal('2'), Decimal('9'), Decimal('4')]) = -11
2024-03-09 22:00:01,008 - app.commands.operation_command - ERROR - Cannot divide by zero
2024-03-09 22:00:11,089 - app.commands.operation_command - INFO - Performed operation: divide([Decimal('10'), Decimal('4')]) = 2.5
2024-03-09 22:00:23,867 - app.commands.operation_command - INFO - Performed operation: multiply([Decimal('4'), Decimal('6')]) = 24
2024-03-09 22:08:07,892 - app.commands.operation_command - INFO - Performed operation: add([Decimal('2'), Decimal('4'), Decimal('6'), Decimal('7')]) = 19
2024-03-09 22:09:28,539 - app.commands.operation_command - INFO - Performed operation: add([Decimal('3'), Decimal('5'), Decimal('7'), Decimal('9')]) = 24
2024-03-09 22:32:53,956 - app.commands.operation_command - INFO - Performed operation: add([Decimal('4'), Decimal('5'), Decimal('6'), Decimal('7')]) = 22
2024-03-09 22:33:25,451 - app.commands.operation_command - INFO - Performed operation: add([Decimal('3'), Decimal('5'), Decimal('77'), Decimal('7')]) = 92
2024-03-09 22:37:46,268 - app.commands.operation_command - INFO - Performed operation: add([Decimal('2'), Decimal('4'), Decimal('6'), Decimal('7')]) = 19
2024-03-09 22:40:06,248 - app.commands.operation_command - INFO - Performed operation: add([Decimal('4'), Decimal('6'), Decimal('7')]) = 17
2024-03-09 22:48:14,879 - root - INFO - Logging configured.
2024-03-09 22:48:14,883 - root - INFO - Environment variables loaded.
2024-03-09 22:48:14,907 - root - INFO - Command 'add' from plugin 'add' registered.
2024-03-09 22:52:32,342 - root - INFO - Logging configured.
2024-03-09 22:52:32,344 - root - INFO - Environment variables loaded.
2024-03-09 22:52:50,120 - root - INFO - Logging configured.
2024-03-09 22:52:50,120 - root - INFO - Environment variables loaded.
2024-03-09 22:52:50,139 - root - INFO - Command 'add' from plugin 'add' registered.
2024-03-09 22:52:57,639 - root - INFO - Logging configured.
2024-03-09 22:52:57,640 - root - INFO - Environment variables loaded.
2024-03-09 22:52:57,660 - root - INFO - Command 'add' from plugin 'add' registered.
2024-03-09 22:54:13,465 - root - INFO - Logging configured.
2024-03-09 22:54:13,467 - root - INFO - Environment variables loaded.
2024-03-09 22:54:27,852 - root - INFO - Logging configured.
2024-03-09 22:54:27,852 - root - INFO - Environment variables loaded.
2024-03-09 22:56:09,683 - app.commands.operation_command - INFO - Performed operation: add([Decimal('3'), Decimal('4'), Decimal('5'), Decimal('6')]) = 18
2024-03-09 22:57:28,526 - root - INFO - Logging configured.
2024-03-09 22:57:28,527 - root - INFO - Environment variables loaded.
2024-03-09 22:57:28,548 - root - INFO - Command 'AddCommand' from plugin 'add' registered.
2024-03-09 22:57:28,550 - root - INFO - Command 'DivideCommand' from plugin 'divide' registered.
2024-03-09 22:57:28,551 - root - INFO - Command 'ExitCommand' from plugin 'exit' registered.
2024-03-09 22:57:28,551 - root - INFO - Command 'MenuCommand' from plugin 'menu' registered.
2024-03-09 22:57:28,552 - root - INFO - Command 'MultiplyCommand' from plugin 'multiply' registered.
2024-03-09 22:57:28,553 - root - INFO - Command 'SubtractCommand' from plugin 'subtract' registered.
2024-03-09 22:57:28,554 - root - INFO - Application started. Type 'exit' to exit.
2024-03-09 22:58:27,620 - app.commands.operation_command - INFO - Performed operation: add([Decimal('4'), Decimal('5'), Decimal('6'), Decimal('7')]) = 22
2024-03-09 23:06:38,397 - root - INFO - Logging configured.
2024-03-09 23:06:38,398 - root - INFO - Environment variables loaded.
2024-03-09 23:06:38,422 - root - INFO - Command 'AddCommand' from plugin 'add' registered.
2024-03-09 23:06:38,424 - root - INFO - Command 'DivideCommand' from plugin 'divide' registered.
2024-03-09 23:06:38,427 - root - INFO - Command 'ExitCommand' from plugin 'exit' registered.
2024-03-09 23:06:38,427 - root - INFO - Command 'MenuCommand' from plugin 'menu' registered.
2024-03-09 23:06:38,428 - root - INFO - Command 'MultiplyCommand' from plugin 'multiply' registered.
2024-03-09 23:06:38,430 - root - INFO - Command 'SubtractCommand' from plugin 'subtract' registered.
2024-03-09 23:06:38,430 - root - INFO - Application started. Type 'exit' to exit.
2024-03-09 23:06:43,305 - app.commands.operation_command - INFO - Performed operation: add([Decimal('3'), Decimal('5'), Decimal('6'), Decimal('7')]) = 21
2024-03-09 23:08:49,305 - root - INFO - Logging configured.
2024-03-09 23:08:49,306 - root - INFO - Environment variables loaded.
2024-03-09 23:08:49,337 - root - INFO - Command 'AddCommand' from plugin 'add' registered.
2024-03-09 23:08:49,338 - root - INFO - Command 'DivideCommand' from plugin 'divide' registered.
2024-03-09 23:08:49,340 - root - INFO - Command 'ExitCommand' from plugin 'exit' registered.
2024-03-09 23:08:49,340 - root - INFO - Command 'MenuCommand' from plugin 'menu' registered.
2024-03-09 23:08:49,341 - root - INFO - Command 'MultiplyCommand' from plugin 'multiply' registered.
2024-03-09 23:08:49,342 - root - INFO - Command 'SubtractCommand' from plugin 'subtract' registered.
2024-03-09 23:08:49,343 - root - INFO - Application started. Type 'exit' to exit.
2024-03-09 23:08:53,443 - app.commands.operation_command - INFO - add operation
2024-03-09 23:12:32,334 - root - INFO - Logging configured.
2024-03-09 23:12:32,335 - root - INFO - Environment variables loaded.
2024-03-09 23:12:32,362 - root - INFO - Command 'AddCommand' from plugin 'add' registered.
2024-03-09 23:12:32,364 - root - INFO - Command 'DivideCommand' from plugin 'divide' registered.
2024-03-09 23:12:32,365 - root - INFO - Command 'ExitCommand' from plugin 'exit' registered.
2024-03-09 23:12:32,365 - root - INFO - Command 'MenuCommand' from plugin 'menu' registered.
2024-03-09 23:12:32,367 - root - INFO - Command 'MultiplyCommand' from plugin 'multiply' registered.
2024-03-09 23:12:32,369 - root - INFO - Command 'SubtractCommand' from plugin 'subtract' registered.
2024-03-09 23:12:32,369 - root - INFO - Application started. Type 'exit' to exit.
2024-03-09 23:12:38,561 - root - INFO - add operation
2024-03-09 23:12:59,541 - root - INFO - subtract operation
2024-03-09 23:27:25,760 - root - INFO - Logging configured.
2024-03-09 23:27:25,765 - root - INFO - Environment variables loaded.
2024-03-09 23:27:25,792 - root - INFO - Command 'AddCommand' from plugin 'add' registered.
2024-03-09 23:27:25,794 - root - INFO - Command 'DivideCommand' from plugin 'divide' registered.
2024-03-09 23:27:25,795 - root - INFO - Command 'ExitCommand' from plugin 'exit' registered.
2024-03-09 23:27:25,795 - root - INFO - Command 'MenuCommand' from plugin 'menu' registered.
2024-03-09 23:27:25,797 - root - INFO - Command 'MultiplyCommand' from plugin 'multiply' registered.
2024-03-09 23:27:25,798 - root - INFO - Command 'SubtractCommand' from plugin 'subtract' registered.
2024-03-09 23:27:25,798 - root - INFO - Application started. Type 'exit' to exit.
2024-03-09 23:27:29,814 - root - INFO - add operation
2024-03-09 23:28:48,295 - root - INFO - Logging configured.
2024-03-09 23:28:48,298 - root - INFO - Environment variables loaded.
2024-03-09 23:28:48,315 - root - INFO - Command 'AddCommand' from plugin 'add' registered.
2024-03-09 23:28:48,316 - root - INFO - Command 'DivideCommand' from plugin 'divide' registered.
2024-03-09 23:28:48,317 - root - INFO - Command 'ExitCommand' from plugin 'exit' registered.
2024-03-09 23:28:48,318 - root - INFO - Command 'MenuCommand' from plugin 'menu' registered.
2024-03-09 23:28:48,318 - root - INFO - Command 'MultiplyCommand' from plugin 'multiply' registered.
2024-03-09 23:28:48,319 - root - INFO - Command 'SubtractCommand' from plugin 'subtract' registered.
2024-03-09 23:28:48,319 - root - INFO - Application started. Type 'exit' to exit.
2024-03-09 23:28:53,732 - root - INFO - add operation
2024-03-09 23:35:22,604 - root - INFO - Logging configured.
2024-03-09 23:35:22,608 - root - INFO - Environment variables loaded.
2024-03-09 23:35:22,629 - root - INFO - Command 'AddCommand' from plugin 'add' registered.
2024-03-09 23:35:22,631 - root - INFO - Command 'DivideCommand' from plugin 'divide' registered.
2024-03-09 23:35:22,632 - root - INFO - Command 'ExitCommand' from plugin 'exit' registered.
2024-03-09 23:35:22,633 - root - INFO - Command 'MenuCommand' from plugin 'menu' registered.
2024-03-09 23:35:22,635 - root - INFO - Command 'MultiplyCommand' from plugin 'multiply' registered.
2024-03-09 23:35:22,637 - root - INFO - Command 'SubtractCommand' from plugin 'subtract' registered.
2024-03-09 23:35:22,637 - root - INFO - Application started. Type 'exit' to exit.
2024-03-09 23:35:30,166 - root - INFO - add operation
2024-03-09 23:36:50,499 - root - INFO - Logging configured.
2024-03-09 23:36:50,501 - root - INFO - Environment variables loaded.
2024-03-09 23:36:50,530 - root - INFO - Command 'AddCommand' from plugin 'add' registered.
2024-03-09 23:36:50,532 - root - INFO - Command 'DivideCommand' from plugin 'divide' registered.
2024-03-09 23:36:50,533 - root - INFO - Command 'ExitCommand' from plugin 'exit' registered.
2024-03-09 23:36:50,534 - root - INFO - Command 'MenuCommand' from plugin 'menu' registered.
2024-03-09 23:36:50,535 - root - INFO - Command 'MultiplyCommand' from plugin 'multiply' registered.
2024-03-09 23:36:50,537 - root - INFO - Command 'SubtractCommand' from plugin 'subtract' registered.
2024-03-09 23:36:50,537 - root - INFO - Application started. Type 'exit' to exit.
2024-03-09 23:36:54,402 - root - INFO - add operation
2024-03-09 23:37:28,195 - root - INFO - Logging configured.
2024-03-09 23:37:28,200 - root - INFO - Environment variables loaded.
2024-03-09 23:37:28,224 - root - INFO - Command 'AddCommand' from plugin 'add' registered.
2024-03-09 23:37:28,226 - root - INFO - Command 'DivideCommand' from plugin 'divide' registered.
2024-03-09 23:37:28,227 - root - INFO - Command 'ExitCommand' from plugin 'exit' registered.
2024-03-09 23:37:28,228 - root - INFO - Command 'MenuCommand' from plugin 'menu' registered.
2024-03-09 23:37:28,230 - root - INFO - Command 'MultiplyCommand' from plugin 'multiply' registered.
2024-03-09 23:37:28,232 - root - INFO - Command 'SubtractCommand' from plugin 'subtract' registered.
2024-03-09 23:37:28,232 - root - INFO - Application started. Type 'exit' to exit.
2024-03-09 23:37:32,216 - root - INFO - add operation
2024-03-09 23:37:59,059 - root - INFO - multiply operation
2024-03-09 23:38:48,008 - root - INFO - Logging configured.
2024-03-09 23:38:48,010 - root - INFO - Environment variables loaded.
2024-03-09 23:38:48,033 - root - INFO - Command 'AddCommand' from plugin 'add' registered.
2024-03-09 23:38:48,035 - root - INFO - Command 'DivideCommand' from plugin 'divide' registered.
2024-03-09 23:38:48,037 - root - INFO - Command 'ExitCommand' from plugin 'exit' registered.
2024-03-09 23:38:48,037 - root - INFO - Command 'MenuCommand' from plugin 'menu' registered.
2024-03-09 23:38:48,038 - root - INFO - Command 'MultiplyCommand' from plugin 'multiply' registered.
2024-03-09 23:38:48,040 - root - INFO - Command 'SubtractCommand' from plugin 'subtract' registered.
2024-03-09 23:38:48,040 - root - INFO - Application started. Type 'exit' to exit.
2024-03-09 23:38:50,879 - root - INFO - add operation 15
2024-03-09 23:39:29,523 - root - INFO - Logging configured.
2024-03-09 23:39:29,527 - root - INFO - Environment variables loaded.
2024-03-09 23:39:29,552 - root - INFO - Command 'AddCommand' from plugin 'add' registered.
2024-03-09 23:39:29,554 - root - INFO - Command 'DivideCommand' from plugin 'divide' registered.
2024-03-09 23:39:29,556 - root - INFO - Command 'ExitCommand' from plugin 'exit' registered.
2024-03-09 23:39:29,556 - root - INFO - Command 'MenuCommand' from plugin 'menu' registered.
2024-03-09 23:39:29,558 - root - INFO - Command 'MultiplyCommand' from plugin 'multiply' registered.
2024-03-09 23:39:29,560 - root - INFO - Command 'SubtractCommand' from plugin 'subtract' registered.
2024-03-09 23:39:29,560 - root - INFO - Application started. Type 'exit' to exit.
2024-03-09 23:39:34,075 - root - INFO - add operation, result = 22
